@!@!@STARTMSG 2262:0 @!@!@
TLC2 Version 2.19 of 08 August 2024 (rev: 5a47802)
@!@!@ENDMSG 2262 @!@!@
@!@!@STARTMSG 2187:0 @!@!@
Running breadth-first search Model-Checking with fp 60 and seed -6895214510019833288 with 6 workers on 11 cores with 8192MB heap and 64MB offheap memory [pid: 29123] (Mac OS X 10.16 x86_64, AdoptOpenJDK 14.0.1 x86_64, NoopFPSet, DiskStateQueue).
@!@!@ENDMSG 2187 @!@!@
@!@!@STARTMSG 2220:0 @!@!@
Starting SANY...
@!@!@ENDMSG 2220 @!@!@
Parsing file /Users/stanly/Project/Informal/tlap_practice/SpanningBroadcast.toolbox/Model_1/MC.tla
Parsing file /Users/stanly/Project/Informal/tlap_practice/SpanningBroadcast.toolbox/Model_1/SpanningBroadcast.tla
Parsing file /private/var/folders/kg/v70vf7tx19vf93xkdcgh1dbh0000gn/T/AppTranslocation/0C27EF12-7CC2-46AA-98DE-D4FB57ED1EC6/d/TLA+ Toolbox.app/Contents/Eclipse/plugins/org.lamport.tlatools_1.0.0.202408081326/tla2sany/StandardModules/TLC.tla
Parsing file /private/var/folders/kg/v70vf7tx19vf93xkdcgh1dbh0000gn/T/AppTranslocation/0C27EF12-7CC2-46AA-98DE-D4FB57ED1EC6/d/TLA+ Toolbox.app/Contents/Eclipse/plugins/org.lamport.tlatools_1.0.0.202408081326/tla2sany/StandardModules/FiniteSets.tla
Parsing file /private/var/folders/kg/v70vf7tx19vf93xkdcgh1dbh0000gn/T/AppTranslocation/0C27EF12-7CC2-46AA-98DE-D4FB57ED1EC6/d/TLA+ Toolbox.app/Contents/Eclipse/plugins/org.lamport.tlatools_1.0.0.202408081326/tla2sany/StandardModules/Naturals.tla
Parsing file /private/var/folders/kg/v70vf7tx19vf93xkdcgh1dbh0000gn/T/AppTranslocation/0C27EF12-7CC2-46AA-98DE-D4FB57ED1EC6/d/TLA+ Toolbox.app/Contents/Eclipse/plugins/org.lamport.tlatools_1.0.0.202408081326/tla2sany/StandardModules/Sequences.tla
Semantic processing of module Naturals
Semantic processing of module Sequences
Semantic processing of module FiniteSets
Semantic processing of module SpanningBroadcast
Semantic processing of module TLC
Semantic processing of module MC
@!@!@STARTMSG 2219:0 @!@!@
SANY finished.
@!@!@ENDMSG 2219 @!@!@
@!@!@STARTMSG 2185:0 @!@!@
Starting... (2025-03-17 08:41:53)
@!@!@ENDMSG 2185 @!@!@
@!@!@STARTMSG 2105:1 @!@!@
Evaluating assumption line 30, col 8 to line 30, col 65 of module MC failed.
Attempted to apply record to a non-string value {"p1", "p2", "p3"}.
@!@!@ENDMSG 2105 @!@!@
@!@!@STARTMSG 2186:0 @!@!@
Finished in 893ms at (2025-03-17 08:41:53)
@!@!@ENDMSG 2186 @!@!@
